<?xml version="1.0" encoding="utf-8"?><testsuites name="pytest tests"><testsuite name="pytest" errors="0" failures="0" skipped="0" tests="15" time="1.266" timestamp="2026-05-02T21:18:35.796925+00:00" hostname="agent-env-1335601a-8651-489c-8b65-f5ba8126c8a9"><testcase classname="backend.tests.test_backend" name="test_root" time="0.290" /><testcase classname="backend.tests.test_backend" name="test_plans" time="0.057" /><testcase classname="backend.tests.test_backend" name="test_routes" time="0.048" /><testcase classname="backend.tests.test_backend" name="test_contact_info" time="0.049" /><testcase classname="backend.tests.test_backend" name="test_calculate_basic" time="0.049" /><testcase classname="backend.tests.test_backend" name="test_calculate_nocturno" time="0.052" /><testcase classname="backend.tests.test_backend" name="test_calculate_sabado" time="0.052" /><testcase classname="backend.tests.test_backend" name="test_calculate_domingo" time="0.049" /><testcase classname="backend.tests.test_backend" name="test_create_b2c" time="0.058" /><testcase classname="backend.tests.test_backend" name="test_create_b2b" time="0.071" /><testcase classname="backend.tests.test_backend" name="test_list_quotes" time="0.054" /><testcase classname="backend.tests.test_backend" name="test_get_quote" time="0.056" /><testcase classname="backend.tests.test_backend" name="test_get_quote_404" time="0.051" /><testcase classname="backend.tests.test_backend" name="test_status_flow" time="0.203" /><testcase classname="backend.tests.test_backend" name="test_stats" time="0.049" /></testsuite></testsuites>